<?xml version="1.0" encoding="UTF-8" ?>
<testsuite errors="0" failures="0" name="org.jboss.el.TestEvaluation" tests="5" time="1276.141">
  <properties>
    <property name="netbeans.autoupdate.country" value="US"></property>
    <property name="Env-TMP" value="C:\DOCUME~1\jhook\LOCALS~1\Temp"></property>
    <property name="javax.xml.parsers.SAXParserFactory" value="org.netbeans.core.startup.SAXFactoryImpl"></property>
    <property name="profiler.settings.sort.results.by.thread.cpu.time" value="false"></property>
    <property name="profiler.info.single.file" value="C:\Development\jboss-el\test\org\jboss\el\TestEvaluation.java"></property>
    <property name="javac.test.classpath" value=":build/classes:C:\Program Files\netbeans-5.5\ide7\modules\ext\junit-3.8.1.jar"></property>
    <property name="profiler.settings.instrumentation.quickfilter.value" value=""></property>
    <property name="org.openide.TopManager.GUI" value="true"></property>
    <property name="profiler.settings.profiling.type" value="8"></property>
    <property name="libs.junit.javadoc" value="C:\Program Files\netbeans-5.5\ide7\docs\junit-3.8.1-api.zip"></property>
    <property name="javac.includes" value="org/jboss/el/TestEvaluation.java"></property>
    <property name="javadoc.windowtitle" value=""></property>
    <property name="libs.toplink.classpath" value="C:\Program Files\netbeans-5.5\enterprise3\modules\ext\toplink\toplink-essentials.jar;C:\Program Files\netbeans-5.5\enterprise3\modules\ext\toplink\toplink-essentials-agent.jar"></property>
    <property name="user.dir" value="C:\Development\jboss-el"></property>
    <property name="java.vm.version" value="1.5.0_09-b03"></property>
    <property name="profiler.settings.sampling.interval" value="10"></property>
    <property name="profiler.session.port.no" value="5140"></property>
    <property name="env-path" value="C:\WINDOWS\system32;C:\WINDOWS;C:\WINDOWS\System32\Wbem;C:\Program Files\ATI Technologies\ATI Control Panel;C:\Program Files\QuickTime\QTSystem\;C:\Development\javacc-4.0\bin;"></property>
    <property name="libs.jaxb20.classpath" value="C:\Program Files\netbeans-5.5\ide7\modules\ext\jaxws20\activation.jar;C:\Program Files\netbeans-5.5\ide7\modules\ext\jaxws20\jaxb-api.jar;C:\Program Files\netbeans-5.5\ide7\modules\ext\jaxws20\jaxb-impl.jar;C:\Program Files\netbeans-5.5\ide7\modules\ext\jaxws20\jaxb-xjc.jar;C:\Program Files\netbeans-5.5\ide7\modules\ext\jaxws20\jsr173_api.jar"></property>
    <property name="libs.jstl11.src" value=""></property>
    <property name="javadoc.notree" value="false"></property>
    <property name="netbeans.autoupdate.version" value="1.20"></property>
    <property name="libs.jaxrpc16.src" value=""></property>
    <property name="env-computername" value="HOOKOMJ789"></property>
    <property name="jdk.home" value="C:\Program Files\Java\jdk1.5.0_09"></property>
    <property name="wsclientuptodate.classpath" value="C:\Program Files\netbeans-5.5\enterprise3\ant\extra\wsclientuptodate.jar"></property>
    <property name="javadoc.noindex" value="false"></property>
    <property name="sun.os.patch.level" value="Service Pack 2"></property>
    <property name="java.vm.specification.name" value="Java Virtual Machine Specification"></property>
    <property name="netbeans.autoupdate.variant" value=""></property>
    <property name="have.tests" value="true"></property>
    <property name="env-os" value="Windows_NT"></property>
    <property name="org.xml.sax.driver" value="com.sun.org.apache.xerces.internal.parsers.SAXParser"></property>
    <property name="os.name" value="Windows XP"></property>
    <property name="env-processor_revision" value="0d08"></property>
    <property name="libs.jaxrpc16.classpath" value="C:\Program Files\netbeans-5.5\ide7\modules\ext\jaxrpc16\activation.jar;C:\Program Files\netbeans-5.5\ide7\modules\ext\jaxrpc16\FastInfoset.jar;C:\Program Files\netbeans-5.5\ide7\modules\ext\jaxrpc16\jax-qname.jar;C:\Program Files\netbeans-5.5\ide7\modules\ext\jaxrpc16\jaxp-api.jar;C:\Program Files\netbeans-5.5\ide7\modules\ext\jaxrpc16\jaxrpc-api.jar;C:\Program Files\netbeans-5.5\ide7\modules\ext\jaxrpc16\jaxrpc-impl.jar;C:\Program Files\netbeans-5.5\ide7\modules\ext\jaxrpc16\jaxrpc-spi.jar;C:\Program Files\netbeans-5.5\ide7\modules\ext\jaxrpc16\jsr173_api.jar;C:\Program Files\netbeans-5.5\ide7\modules\ext\jaxrpc16\mail.jar;C:\Program Files\netbeans-5.5\ide7\modules\ext\jaxrpc16\relaxngDatatype.jar;C:\Program Files\netbeans-5.5\ide7\modules\ext\jaxrpc16\saaj-api.jar;C:\Program Files\netbeans-5.5\ide7\modules\ext\jaxrpc16\saaj-impl.jar;C:\Program Files\netbeans-5.5\ide7\modules\ext\jaxrpc16\xsdlib.jar"></property>
    <property name="env-clientname" value="Console"></property>
    <property name="ant.file.jboss-el-impl" value="C:\Development\jboss-el\nbproject\build-impl.xml"></property>
    <property name="profiler.info.javaPlatform" value="default_platform"></property>
    <property name="java.vendor.url.bug" value="http://java.sun.com/cgi-bin/bugreport.cgi"></property>
    <property name="Env-CLASSPATH" value=".;C:\Program Files\Java\jre1.5.0_09\lib\ext\QTJava.zip"></property>
    <property name="profiler.settings.instr.scheme" value="3"></property>
    <property name="profiler.info.project.dir" value="C:\Development\jboss-el"></property>
    <property name="os.arch" value="x86"></property>
    <property name="user.name" value="jhook"></property>
    <property name="manifest.available+main.class" value="true"></property>
    <property name="build.classes.dir" value="build/classes"></property>
    <property name="netbeans.accept_license_class" value="org.netbeans.license.AcceptLicense"></property>
    <property name="build.sysclasspath" value="ignore"></property>
    <property name="Env-Path" value="C:\WINDOWS\system32;C:\WINDOWS;C:\WINDOWS\System32\Wbem;C:\Program Files\ATI Technologies\ATI Control Panel;C:\Program Files\QuickTime\QTSystem\;C:\Development\javacc-4.0\bin;"></property>
    <property name="env-systemroot" value="C:\WINDOWS"></property>
    <property name="javax.xml.parsers.DocumentBuilderFactory" value="org.netbeans.core.startup.DOMFactoryImpl"></property>
    <property name="user.country" value="US"></property>
    <property name="manifest.file" value="manifest.mf"></property>
    <property name="libs.jstl11.javadoc" value="C:\Program Files\netbeans-5.5\enterprise3\docs\javaee5-doc-api.zip"></property>
    <property name="Env-ComSpec" value="C:\WINDOWS\system32\cmd.exe"></property>
    <property name="javadoc.encoding" value=""></property>
    <property name="javac.classpath" value=""></property>
    <property name="netbeans.system_http_non_proxy_hosts" value=""></property>
    <property name="netbeans.home" value="C:\Program Files\netbeans-5.5\platform6"></property>
    <property name="build.compiler.emacs" value="true"></property>
    <property name="Env-PROCESSOR_ARCHITECTURE" value="x86"></property>
    <property name="java.endorsed.dirs" value="C:\Program Files\Java\jdk1.5.0_09\jre\lib\endorsed"></property>
    <property name="netbeans.dynamic.classpath" value="C:\Program Files\netbeans-5.5\platform6\core\core.jar;C:\Program Files\netbeans-5.5\platform6\core\org-openide-filesystems.jar;C:\Program Files\netbeans-5.5\nb5.5\core\org-netbeans-upgrader.jar;C:\Program Files\netbeans-5.5\nb5.5\core\locale\core_nb.jar;C:\Program Files\netbeans-5.5\ide7\core\org-netbeans-modules-utilities-cli.jar"></property>
    <property name="Env-HOMEDRIVE" value="C:"></property>
    <property name="java.vm.specification.version" value="1.0"></property>
    <property name="netbeans.autoupdate.language" value="en"></property>
    <property name="Env-USERPROFILE" value="C:\Documents and Settings\jhook"></property>
    <property name="profiler.settings.override.jvm.args" value=""></property>
    <property name="java.vendor" value="Sun Microsystems Inc."></property>
    <property name="env-processor_identifier" value="x86 Family 6 Model 13 Stepping 8, GenuineIntel"></property>
    <property name="env-logonserver" value="\\HOOKOMJ789"></property>
    <property name="javac.debug" value="true"></property>
    <property name="javadoc.splitindex" value="true"></property>
    <property name="file.separator" value="\"></property>
    <property name="netbeans.buildnumber" value="200610171010"></property>
    <property name="user.variant" value=""></property>
    <property name="libs.junit.classpath" value="C:\Program Files\netbeans-5.5\ide7\modules\ext\junit-3.8.1.jar"></property>
    <property name="profiler.settings.obj.alloc.stack.sampling.interval" value="10"></property>
    <property name="Env-CLIENTNAME" value="Console"></property>
    <property name="libs.struts.classpath" value="C:\Program Files\netbeans-5.5\enterprise3\modules\ext\struts\antlr.jar;C:\Program Files\netbeans-5.5\enterprise3\modules\ext\struts\commons-beanutils.jar;C:\Program Files\netbeans-5.5\enterprise3\modules\ext\struts\commons-digester.jar;C:\Program Files\netbeans-5.5\enterprise3\modules\ext\struts\commons-fileupload.jar;C:\Program Files\netbeans-5.5\enterprise3\modules\ext\struts\commons-logging.jar;C:\Program Files\netbeans-5.5\enterprise3\modules\ext\struts\commons-validator.jar;C:\Program Files\netbeans-5.5\enterprise3\modules\ext\struts\jakarta-oro.jar;C:\Program Files\netbeans-5.5\enterprise3\modules\ext\struts\struts.jar"></property>
    <property name="org.openide.awt.SwingBrowserImpl.do-not-block-awt" value="false"></property>
    <property name="ant.home" value="C:\Program Files\netbeans-5.5\ide7\ant"></property>
    <property name="Env-USERDOMAIN" value="HOOKOMJ789"></property>
    <property name="ant.java.version" value="1.5"></property>
    <property name="java.library.path" value="C:\Program Files\Java\jdk1.5.0_09\bin;.;C:\WINDOWS\system32;C:\WINDOWS;C:\WINDOWS\system32;C:\WINDOWS;C:\WINDOWS\System32\Wbem;C:\Program Files\ATI Technologies\ATI Control Panel;C:\Program Files\QuickTime\QTSystem\;C:\Development\javacc-4.0\bin;"></property>
    <property name="env-qtjava" value="C:\Program Files\Java\jre1.5.0_09\lib\ext\QTJava.zip"></property>
    <property name="javadoc.author" value="false"></property>
    <property name="profiler.settings.run.gc.on.get.results.in.memory.profiling" value="true"></property>
    <property name="https.proxyPort" value=""></property>
    <property name="libs.jaxws20.src" value=""></property>
    <property name="libs.jaxrpc16.javadoc" value=""></property>
    <property name="sun.arch.data.model" value="32"></property>
    <property name="profiler.session.jvm.args" value=""></property>
    <property name="basedir" value="C:\Development\jboss-el"></property>
    <property name="jar.compress" value="false"></property>
    <property name="libs.jstl11.classpath" value="C:\Program Files\netbeans-5.5\enterprise3\modules\ext\standard.jar;C:\Program Files\netbeans-5.5\enterprise3\modules\ext\jstl.jar"></property>
    <property name="path.separator" value=";"></property>
    <property name="sun.io.unicode.encoding" value="UnicodeLittle"></property>
    <property name="libs.struts.src" value=""></property>
    <property name="Env-APPDATA" value="C:\Documents and Settings\jhook\Application Data"></property>
    <property name="env-fp_no_host_check" value="NO"></property>
    <property name="user.language" value="en"></property>
    <property name="Env-windir" value="C:\WINDOWS"></property>
    <property name="profiler.settings.thread.cpu.timer.on" value="false"></property>
    <property name="env-programfiles" value="C:\Program Files"></property>
    <property name="manifest.available" value="true"></property>
    <property name="run.test.classpath" value=":build/classes:C:\Program Files\netbeans-5.5\ide7\modules\ext\junit-3.8.1.jar:build/test/classes"></property>
    <property name="libs.swing-layout.javadoc" value="C:\Program Files\netbeans-5.5\platform6\docs\swing-layout-1.0-doc.zip"></property>
    <property name="Env-PATHEXT" value=".COM;.EXE;.BAT;.CMD;.VBS;.VBE;.JS;.JSE;.WSF;.WSH"></property>
    <property name="env-number_of_processors" value="1"></property>
    <property name="https.nonProxyHosts" value="localhost|127.0.0.1|hookomj789"></property>
    <property name="java.class.version" value="49.0"></property>
    <property name="profiler.settings.instrumentation.root.methods.size" value="6"></property>
    <property name="netbeans.system_http_proxy" value="DIRECT"></property>
    <property name="ant.file.jboss-el" value="C:\Development\jboss-el\build.xml"></property>
    <property name="profiler.settings.istrumentation.root.methods-5" value="javax.el.,,"></property>
    <property name="user.properties.file" value="C:\Documents and Settings\jhook\.netbeans\5.5\build.properties"></property>
    <property name="profiler.settings.istrumentation.root.methods-4" value="org.jboss.el.lang.,,"></property>
    <property name="profiler.settings.istrumentation.root.methods-3" value="org.jboss.el.util.,,"></property>
    <property name="profiler.settings.istrumentation.root.methods-2" value="org.jboss.el.parser.,,"></property>
    <property name="profiler.settings.istrumentation.root.methods-1" value="org.jboss.el.beans.,,"></property>
    <property name="profiler.settings.istrumentation.root.methods-0" value="org.jboss.el.,,"></property>
    <property name="file.encoding.pkg" value="sun.io"></property>
    <property name="sun.cpu.endian" value="little"></property>
    <property name="env-username" value="jhook"></property>
    <property name="env-homepath" value="\Documents and Settings\jhook"></property>
    <property name="javadoc.preview" value="true"></property>
    <property name="nbplatform.default.harness.dir" value="C:\Program Files\netbeans-5.5/harness"></property>
    <property name="java.home" value="C:\Program Files\Java\jdk1.5.0_09\jre"></property>
    <property name="copyfiles.classpath" value="C:\Program Files\netbeans-5.5\enterprise3\ant\extra\copyfiles.jar"></property>
    <property name="debug.test.classpath" value=":build/classes:C:\Program Files\netbeans-5.5\ide7\modules\ext\junit-3.8.1.jar:build/test/classes"></property>
    <property name="netbeans.importclass" value="org.netbeans.upgrade.AutoUpgrade"></property>
    <property name="libs.jsf.javadoc" value="C:\Program Files\netbeans-5.5\enterprise3\docs\javaee5-doc-api.zip"></property>
    <property name="env-sessionname" value="Console"></property>
    <property name="org.openide.TopManager" value="org.netbeans.core.NonGui"></property>
    <property name="env-commonprogramfiles" value="C:\Program Files\Common Files"></property>
    <property name="env-processor_level" value="6"></property>
    <property name="file.reference.ognl-2.6.9.jar" value="C:\Documents and Settings\jhook\Desktop\ognl-2.6.9.jar"></property>
    <property name="http.nonProxyHosts" value="localhost|127.0.0.1|hookomj789"></property>
    <property name="Env-PROCESSOR_IDENTIFIER" value="x86 Family 6 Model 13 Stepping 8, GenuineIntel"></property>
    <property name="libs.toplink.src" value=""></property>
    <property name="profile.class" value="org.jboss.el.TestEvaluation"></property>
    <property name="run.classpath" value=":build/classes:C:\Documents and Settings\jhook\Desktop\ognl-2.6.9.jar"></property>
    <property name="libs.jaxb20.src" value=""></property>
    <property name="Env-SystemRoot" value="C:\WINDOWS"></property>
    <property name="profiler.settings.instrumentation.filter.selected" value="Profile All Classes"></property>
    <property name="http.proxyHost" value=""></property>
    <property name="profiler.settings.cpu.exclude.wait.time" value="true"></property>
    <property name="profiler.settings.override" value="false"></property>
    <property name="Env-TEMP" value="C:\DOCUME~1\jhook\LOCALS~1\Temp"></property>
    <property name="profiler.session.args" value=""></property>
    <property name="sun.management.compiler" value="HotSpot Client Compiler"></property>
    <property name="javac.deprecation" value="false"></property>
    <property name="javadoc.use" value="true"></property>
    <property name="libs.jsf.src" value=""></property>
    <property name="javac.compilerargs" value=""></property>
    <property name="ant.file" value="C:\Development\jboss-el\build.xml"></property>
    <property name="env-tmp" value="C:\DOCUME~1\jhook\LOCALS~1\Temp"></property>
    <property name="Env-SystemDrive" value="C:"></property>
    <property name="env-javacc_home" value="C:\Development\javacc-4.0"></property>
    <property name="sun.awt.exception.handler" value="org.netbeans.core.NbErrorManager$AWTHandler"></property>
    <property name="Env-CommonProgramFiles" value="C:\Program Files\Common Files"></property>
    <property name="java.vm.specification.vendor" value="Sun Microsystems Inc."></property>
    <property name="libs.swing-layout.src" value=""></property>
    <property name="org.openide.major.version" value="IDE/1"></property>
    <property name="java.vm.name" value="Java HotSpot(TM) Client VM"></property>
    <property name="netbeans.user" value="C:\Documents and Settings\jhook\.netbeans\5.5"></property>
    <property name="javadoc.additionalparam" value=""></property>
    <property name="profiler.session.java.architecture" value="32"></property>
    <property name="java.io.tmpdir" value="C:\DOCUME~1\jhook\LOCALS~1\Temp\"></property>
    <property name="java.vendor.url" value="http://java.sun.com/"></property>
    <property name="env-=::" value="::\"></property>
    <property name="profiler.settings.instrument.spawned.threads" value="false"></property>
    <property name="jspc.classpath" value="C:\Program Files\netbeans-5.5\ide7\ant\lib\ant.jar:C:\Program Files\netbeans-5.5\enterprise3\modules\ext\servlet2.5-jsp2.1-api.jar:${j2ee.platform.classpath}:C:\Program Files\netbeans-5.5\enterprise3\modules\ext\glassfish-jspparser.jar:C:\Program Files\netbeans-5.5\enterprise3\modules\ext\glassfish-logging.jar:C:\Program Files\netbeans-5.5\ide7\modules\ext\commons-logging-1.0.4.jar"></property>
    <property name="env-appdata" value="C:\Documents and Settings\jhook\Application Data"></property>
    <property name="Env-ProgramFiles" value="C:\Program Files"></property>
    <property name="env-windir" value="C:\WINDOWS"></property>
    <property name="sun.boot.library.path" value="C:\Program Files\Java\jdk1.5.0_09\jre\bin"></property>
    <property name="have.sources" value="true"></property>
    <property name="debug.classpath" value=":build/classes:C:\Documents and Settings\jhook\Desktop\ognl-2.6.9.jar"></property>
    <property name="javadoc.private" value="false"></property>
    <property name="test.src.dir" value="test"></property>
    <property name="meta.inf.dir" value="src/META-INF"></property>
    <property name="env-pathext" value=".COM;.EXE;.BAT;.CMD;.VBS;.VBE;.JS;.JSE;.WSF;.WSH"></property>
    <property name="Env-ALLUSERSPROFILE" value="C:\Documents and Settings\All Users"></property>
    <property name="dist.jar" value="dist/jboss-el.jar"></property>
    <property name="Env-LOGONSERVER" value="\\HOOKOMJ789"></property>
    <property name="profiler.settings.code.region.cpu.res.buf.size" value="1000"></property>
    <property name="java.runtime.name" value="Java(TM) 2 Runtime Environment, Standard Edition"></property>
    <property name="env-comspec" value="C:\WINDOWS\system32\cmd.exe"></property>
    <property name="profiler.info.jvmargs" value=""></property>
    <property name="Env-=::" value="::\"></property>
    <property name="ant.project.name" value="jboss-el"></property>
    <property name="netbeans.hash.code" value="unique=NB_PROF322883124"></property>
    <property name="sun.cpu.isalist" value="pentium_pro+mmx pentium_pro pentium+mmx pentium i486 i386 i86"></property>
    <property name="Env-FP_NO_HOST_CHECK" value="NO"></property>
    <property name="libs.CopyLibs.javadoc" value=""></property>
    <property name="profiler.settings.n.profiled.threads.limit" value="32"></property>
    <property name="org.openide.specification.version" value="6.2"></property>
    <property name="user.home" value="C:\Documents and Settings\jhook"></property>
    <property name="libs.jaxws20.classpath" value="C:\Program Files\netbeans-5.5\ide7\modules\ext\jaxws20\activation.jar;C:\Program Files\netbeans-5.5\ide7\modules\ext\jaxws20\FastInfoset.jar;C:\Program Files\netbeans-5.5\ide7\modules\ext\jaxws20\http.jar;C:\Program Files\netbeans-5.5\ide7\modules\ext\jaxws20\jaxb-api.jar;C:\Program Files\netbeans-5.5\ide7\modules\ext\jaxws20\jaxb-impl.jar;C:\Program Files\netbeans-5.5\ide7\modules\ext\jaxws20\jaxb-xjc.jar;C:\Program Files\netbeans-5.5\ide7\modules\ext\jaxws20\jaxws-api.jar;C:\Program Files\netbeans-5.5\ide7\modules\ext\jaxws20\jaxws-rt.jar;C:\Program Files\netbeans-5.5\ide7\modules\ext\jaxws20\jaxws-tools.jar;C:\Program Files\netbeans-5.5\ide7\modules\ext\jaxws20\jsr173_api.jar;C:\Program Files\netbeans-5.5\ide7\modules\ext\jaxws20\jsr181-api.jar;C:\Program Files\netbeans-5.5\ide7\modules\ext\jaxws20\jsr250-api.jar;C:\Program Files\netbeans-5.5\ide7\modules\ext\jaxws20\saaj-api.jar;C:\Program Files\netbeans-5.5\ide7\modules\ext\jaxws20\saaj-impl.jar;C:\Program Files\netbeans-5.5\ide7\modules\ext\jaxws20\sjsxp.jar"></property>
    <property name="netbeans.osenv" value="C:\DOCUME~1\jhook\LOCALS~1\Temp\nbenv6"></property>
    <property name="libs.absolutelayout.javadoc" value=""></property>
    <property name="java.specification.name" value="Java Platform API Specification"></property>
    <property name="libs.jsf.classpath" value="C:\Program Files\netbeans-5.5\enterprise3\modules\ext\jsf\commons-beanutils.jar;C:\Program Files\netbeans-5.5\enterprise3\modules\ext\jsf\commons-collections.jar;C:\Program Files\netbeans-5.5\enterprise3\modules\ext\jsf\commons-digester.jar;C:\Program Files\netbeans-5.5\enterprise3\modules\ext\jsf\commons-logging.jar;C:\Program Files\netbeans-5.5\enterprise3\modules\ext\jsf\jsf-api.jar;C:\Program Files\netbeans-5.5\enterprise3\modules\ext\jsf\jsf-impl.jar"></property>
    <property name="profiler.settings.threads.monitoring.enabled" value="false"></property>
    <property name="java.specification.vendor" value="Sun Microsystems Inc."></property>
    <property name="Env-OS" value="Windows_NT"></property>
    <property name="Env-JAVACC_HOME" value="C:\Development\javacc-4.0"></property>
    <property name="java.version" value="1.5.0_09"></property>
    <property name="javadoc.version" value="false"></property>
    <property name="org.openide.version" value="deprecated"></property>
    <property name="Env-PROCESSOR_LEVEL" value="6"></property>
    <property name="netbeans.home+have.tests" value="true"></property>
    <property name="profiler.info.jvm" value="C:\Program Files\Java\jdk1.5.0_09\bin\java.exe"></property>
    <property name="work.dir" value="C:\Development\jboss-el"></property>
    <property name="dist.javadoc.dir" value="dist/javadoc"></property>
    <property name="libs.swing-layout.classpath" value="C:\Program Files\netbeans-5.5\platform6\modules\ext\swing-layout-1.0.jar"></property>
    <property name="env-classpath" value=".;C:\Program Files\Java\jre1.5.0_09\lib\ext\QTJava.zip"></property>
    <property name="build.generated.dir" value="build/generated"></property>
    <property name="javac.source" value="1.5"></property>
    <property name="profiler.info.dir" value="C:\Development\jboss-el"></property>
    <property name="line.separator" value="
"></property>
    <property name="profiler.session.working.dir" value="C:\Program Files\netbeans-5.5"></property>
    <property name="java.specification.version" value="1.5"></property>
    <property name="libs.jaxws20.javadoc" value=""></property>
    <property name="java.vm.info" value="mixed mode"></property>
    <property name="sun.boot.class.path" value="C:\Program Files\Java\jdk1.5.0_09\jre\lib\rt.jar;C:\Program Files\Java\jdk1.5.0_09\jre\lib\i18n.jar;C:\Program Files\Java\jdk1.5.0_09\jre\lib\sunrsasign.jar;C:\Program Files\Java\jdk1.5.0_09\jre\lib\jsse.jar;C:\Program Files\Java\jdk1.5.0_09\jre\lib\jce.jar;C:\Program Files\Java\jdk1.5.0_09\jre\lib\charsets.jar;C:\Program Files\Java\jdk1.5.0_09\jre\classes;C:\Program Files\netbeans-5.5\profiler1\lib/jfluid-server.jar;C:\Program Files\netbeans-5.5\profiler1\lib/jfluid-server-15.jar"></property>
    <property name="javac.target" value="1.5"></property>
    <property name="build.test.classes.dir" value="build/test/classes"></property>
    <property name="netbeans.osenv.nullsep" value="true"></property>
    <property name="src.dir" value="src"></property>
    <property name="sun.awt.keepWorkingSetOnMinimize" value="true"></property>
    <property name="profiler.settings.instrument.method.invoke" value="true"></property>
    <property name="nbplatform.default.netbeans.dest.dir" value="C:\Program Files\netbeans-5.5"></property>
    <property name="env-systemdrive" value="C:"></property>
    <property name="libs.struts.javadoc" value="C:\Program Files\netbeans-5.5\enterprise3\docs\struts-1.2.9-javadoc.zip"></property>
    <property name="profiler.settings.override.working.dir" value=""></property>
    <property name="dist.dir" value="dist"></property>
    <property name="profiler.settings.istrument.getter.setter.methods" value="false"></property>
    <property name="Env-SESSIONNAME" value="Console"></property>
    <property name="http.proxyPort" value=""></property>
    <property name="profiler.session.class.name" value="org.el.ext"></property>
    <property name="Env-USERNAME" value="jhook"></property>
    <property name="java.awt.printerjob" value="sun.awt.windows.WPrinterJob"></property>
    <property name="Env-HOMEPATH" value="\Documents and Settings\jhook"></property>
    <property name="profiler.session.java.version" value="jdk15"></property>
    <property name="default.javac.source" value="1.5"></property>
    <property name="env-homedrive" value="C:"></property>
    <property name="sun.jnu.encoding" value="Cp1252"></property>
    <property name="env-userdomain" value="HOOKOMJ789"></property>
    <property name="Env-COMPUTERNAME" value="HOOKOMJ789"></property>
    <property name="profiler.settings.obj.alloc.stack.sampling.depth" value="0"></property>
    <property name="java.runtime.version" value="1.5.0_09-b03"></property>
    <property name="build.test.results.dir" value="build/test/results"></property>
    <property name="env-allusersprofile" value="C:\Documents and Settings\All Users"></property>
    <property name="manifest.available+main.class+mkdist.available" value="true"></property>
    <property name="profiler.session.class.path" value=":build/classes:C:\Documents and Settings\jhook\Desktop\ognl-2.6.9.jar"></property>
    <property name="default.javac.target" value="1.5"></property>
    <property name="user.timezone" value="America/Chicago"></property>
    <property name="Env-QTJAVA" value="C:\Program Files\Java\jre1.5.0_09\lib\ext\QTJava.zip"></property>
    <property name="Env-PROCESSOR_REVISION" value="0d08"></property>
    <property name="netbeans.dirs" value="C:\Program Files\netbeans-5.5\nb5.5;C:\Program Files\netbeans-5.5\ide7;C:\Program Files\netbeans-5.5\enterprise3;C:\Program Files\netbeans-5.5\harness;C:\Program Files\netbeans-5.5\profiler1"></property>
    <property name="java.ext.dirs" value="C:\Program Files\Java\jdk1.5.0_09\jre\lib\ext"></property>
    <property name="libs.absolutelayout.classpath" value="C:\Program Files\netbeans-5.5\ide7\modules\ext\AbsoluteLayout.jar"></property>
    <property name="java.class.path" value="C:\Development\jboss-el\build\classes;C:\Program Files\netbeans-5.5\ide7\modules\ext\junit-3.8.1.jar;C:\Development\jboss-el\build\test\classes;C:\Development\jboss-el;C:\Program Files\Java\jre1.5.0_09\lib\ext\QTJava.zip;C:\Program Files\netbeans-5.5\ide7\ant\lib\ant-launcher.jar;C:\Program Files\netbeans-5.5\ide7\ant\lib\ant.jar;C:\Program Files\netbeans-5.5\ide7\ant\lib\ant-junit.jar"></property>
    <property name="apple.laf.useScreenMenuBar" value="true"></property>
    <property name="env-userprofile" value="C:\Documents and Settings\jhook"></property>
    <property name="libs.absolutelayout.src" value=""></property>
    <property name="profiler.settings.instrument.empty.methods" value="false"></property>
    <property name="os.version" value="5.1"></property>
    <property name="application.args" value=""></property>
    <property name="profiler.session.java.executable" value="C:\Program Files\Java\jdk1.5.0_09\bin\java.exe"></property>
    <property name="libs.toplink.javadoc" value=""></property>
    <property name="sun.desktop" value="windows"></property>
    <property name="libs.jaxb20.javadoc" value=""></property>
    <property name="profiler.settings.settings.name" value="Preset: Entire Application"></property>
    <property name="java.awt.graphicsenv" value="sun.awt.Win32GraphicsEnvironment"></property>
    <property name="java.vm.vendor" value="Sun Microsystems Inc."></property>
    <property name="profiler.info.jvmargs.agent" value="-agentpath:C:/Program Files/netbeans-5.5/profiler1/lib/deployed/jdk15/windows/profilerinterface.dll=C:\Program Files\netbeans-5.5\profiler1\lib,5140,10"></property>
    <property name="libs.CopyLibs.classpath" value="C:\Program Files\netbeans-5.5\ide7\ant\extra\org-netbeans-modules-java-j2seproject-copylibstask.jar"></property>
    <property name="ant.file.-profiler-impl" value="C:\Development\jboss-el\nbproject\profiler-build-impl.xml"></property>
    <property name="run.jvmargs" value=""></property>
    <property name="env-processor_architecture" value="x86"></property>
    <property name="Env-NUMBER_OF_PROCESSORS" value="1"></property>
    <property name="env-temp" value="C:\DOCUME~1\jhook\LOCALS~1\Temp"></property>
    <property name="libs.junit.src" value=""></property>
    <property name="main.class" value="org.el.ext"></property>
    <property name="libs.CopyLibs.src" value=""></property>
    <property name="build.dir" value="build"></property>
    <property name="ant.version" value="Apache Ant version 1.6.5 compiled on June 2 2005"></property>
    <property name="build.classes.excludes" value="**/*.java,**/*.form"></property>
    <property name="file.encoding" value="Cp1252"></property>
    <property name="javadoc.nonavbar" value="false"></property>
    <property name="profiler.settings.instrumentation.quickfilter.type" value="false"></property>
    <property name="platform.active" value="default_platform"></property>
    <property name="https.proxyHost" value=""></property>
    <property name="profiler.settings.cpu.profiling.type" value="0"></property>
    <property name="awt.toolkit" value="sun.awt.windows.WToolkit"></property>
  </properties>
  <testcase classname="org.jboss.el.TestEvaluation" name="testListeners" time="161.813"></testcase>
  <testcase classname="org.jboss.el.TestEvaluation" name="testSetters" time="284.36"></testcase>
  <testcase classname="org.jboss.el.TestEvaluation" name="testEvaluation" time="552.609"></testcase>
  <testcase classname="org.jboss.el.TestEvaluation" name="testMethodExpressions" time="276.484"></testcase>
  <testcase classname="org.jboss.el.TestEvaluation" name="testHashCodes" time="0.016"></testcase>
  <system-out><![CDATA[New [3.2422] #{company.departments.{x|x.employees}.{x|x.sayHello}} [Hello Holden, my name is Sue Ellen, Hello Holden, my name is Mary Scooner, Hello Holden, my name is Ed Burns, Hello Holden, my name is Ryan Lubke, Hello Holden, my name is Roger Kitain]
New [3.1984] #{company.departments.{x|x.employees}.{x|x.sayHello}} [Hello Holden, my name is Sue Ellen, Hello Holden, my name is Mary Scooner, Hello Holden, my name is Ed Burns, Hello Holden, my name is Ryan Lubke, Hello Holden, my name is Roger Kitain]
New [3.2] #{company.departments.{x|x.employees}.{x|x.sayHello}} [Hello Holden, my name is Sue Ellen, Hello Holden, my name is Mary Scooner, Hello Holden, my name is Ed Burns, Hello Holden, my name is Ryan Lubke, Hello Holden, my name is Roger Kitain]
New [3.1922] #{company.departments.{x|x.employees}.{x|x.sayHello}} [Hello Holden, my name is Sue Ellen, Hello Holden, my name is Mary Scooner, Hello Holden, my name is Ed Burns, Hello Holden, my name is Ryan Lubke, Hello Holden, my name is Roger Kitain]
New [3.2031] #{company.departments.{x|x.employees}.{x|x.sayHello}} [Hello Holden, my name is Sue Ellen, Hello Holden, my name is Mary Scooner, Hello Holden, my name is Ed Burns, Hello Holden, my name is Ryan Lubke, Hello Holden, my name is Roger Kitain]
New [2.8438] #{company.departments.{x|x.employees}.{x|x.lastName}} [Hookom, Hookom, Hookom, Hookom, Hookom]
New [2.9657] #{company.departments.{x|x.employees.{x|x.lastName}}} [Holden, Holden, Holden, Holden, Holden]
New [2.8094] #{company.departments.{x|x.employees}.{x|x.lastName}} [Hookom, Hookom, Hookom, Hookom, Hookom]
New [2.8187] #{company.departments.{x|x.employees.{x|x.lastName}}} [Holden, Holden, Holden, Holden, Holden]
New [2.8016] #{company.departments.{x|x.employees}.{x|x.lastName}} [Hookom, Hookom, Hookom, Hookom, Hookom]
New [2.8297] #{company.departments.{x|x.employees.{x|x.lastName}}} [Holden, Holden, Holden, Holden, Holden]
New [2.8047] #{company.departments.{x|x.employees}.{x|x.lastName}} [Hookom, Hookom, Hookom, Hookom, Hookom]
New [2.8188] #{company.departments.{x|x.employees.{x|x.lastName}}} [Holden, Holden, Holden, Holden, Holden]
New [2.8046] #{company.departments.{x|x.employees}.{x|x.lastName}} [Hookom, Hookom, Hookom, Hookom, Hookom]
New [2.9188] #{company.departments.{x|x.employees.{x|x.lastName}}} [Holden, Holden, Holden, Holden, Holden]
New [0.35] #{company.departments} [Department[HR], Department[RD]]
New [0.3734] #{company.getDepartments()} [Department[HR], Department[RD]]
New [2.1172] #{company.departments.{x|x.director}.{x|x.firstName}} [Aubrey, Adam]
New [3.1922] #{company.departments.{x|x.employees.{x|x.lastName}}} [Ellen, Scooner, Burns, Lubke, Kitain]
New [4.8156] #{company.departments.{x|x.employees.{x|x.sayHello(name)}}} [Hello Jacob, my name is Sue Ellen, Hello Jacob, my name is Mary Scooner, Hello Jacob, my name is Ed Burns, Hello Jacob, my name is Ryan Lubke, Hello Jacob, my name is Roger Kitain]
New [0.375] #{company.departments} [Department[HR], Department[RD]]
New [0.4078] #{company.getDepartments()} [Department[HR], Department[RD]]
New [2.325] #{company.departments.{x|x.director}.{x|x.firstName}} [Aubrey, Adam]
New [3.3312] #{company.departments.{x|x.employees.{x|x.lastName}}} [Ellen, Scooner, Burns, Lubke, Kitain]
New [5.6829] #{company.departments.{x|x.employees.{x|x.sayHello(name)}}} [Hello Jacob, my name is Sue Ellen, Hello Jacob, my name is Mary Scooner, Hello Jacob, my name is Ed Burns, Hello Jacob, my name is Ryan Lubke, Hello Jacob, my name is Roger Kitain]
New [0.4343] #{company.departments} [Department[HR], Department[RD]]
New [0.5547] #{company.getDepartments()} [Department[HR], Department[RD]]
New [2.0688] #{company.departments.{x|x.director}.{x|x.firstName}} [Aubrey, Adam]
New [3.0282] #{company.departments.{x|x.employees.{x|x.lastName}}} [Ellen, Scooner, Burns, Lubke, Kitain]
New [5.1016] #{company.departments.{x|x.employees.{x|x.sayHello(name)}}} [Hello Jacob, my name is Sue Ellen, Hello Jacob, my name is Mary Scooner, Hello Jacob, my name is Ed Burns, Hello Jacob, my name is Ryan Lubke, Hello Jacob, my name is Roger Kitain]
New [0.3844] #{company.departments} [Department[HR], Department[RD]]
New [0.3953] #{company.getDepartments()} [Department[HR], Department[RD]]
New [1.8797] #{company.departments.{x|x.director}.{x|x.firstName}} [Aubrey, Adam]
New [3.1406] #{company.departments.{x|x.employees.{x|x.lastName}}} [Ellen, Scooner, Burns, Lubke, Kitain]
New [4.8469] #{company.departments.{x|x.employees.{x|x.sayHello(name)}}} [Hello Jacob, my name is Sue Ellen, Hello Jacob, my name is Mary Scooner, Hello Jacob, my name is Ed Burns, Hello Jacob, my name is Ryan Lubke, Hello Jacob, my name is Roger Kitain]
New [0.3625] #{company.departments} [Department[HR], Department[RD]]
New [0.3735] #{company.getDepartments()} [Department[HR], Department[RD]]
New [1.9156] #{company.departments.{x|x.director}.{x|x.firstName}} [Aubrey, Adam]
New [3.0078] #{company.departments.{x|x.employees.{x|x.lastName}}} [Ellen, Scooner, Burns, Lubke, Kitain]
New [4.775] #{company.departments.{x|x.employees.{x|x.sayHello(name)}}} [Hello Jacob, my name is Sue Ellen, Hello Jacob, my name is Mary Scooner, Hello Jacob, my name is Ed Burns, Hello Jacob, my name is Ryan Lubke, Hello Jacob, my name is Roger Kitain]
New [1.375] #{company.departments[0].employees[0].sayHello(name)} Hello Jacob, my name is Sue Ellen
New [1.386] #{company.departments[0].employees[1].sayHello(name)} Hello Jacob, my name is Mary Scooner
New [1.3766] #{company.departments[1].employees[0].sayHello(name)} Hello Jacob, my name is Ed Burns
New [1.3672] #{company.departments[1].employees[1].sayHello(name)} Hello Jacob, my name is Ryan Lubke
New [1.4125] #{company.departments[0].employees[0].sayHello(name)} Hello Jacob, my name is Sue Ellen
New [1.3797] #{company.departments[0].employees[1].sayHello(name)} Hello Jacob, my name is Mary Scooner
New [1.3718] #{company.departments[1].employees[0].sayHello(name)} Hello Jacob, my name is Ed Burns
New [1.3938] #{company.departments[1].employees[1].sayHello(name)} Hello Jacob, my name is Ryan Lubke
New [1.3828] #{company.departments[0].employees[0].sayHello(name)} Hello Jacob, my name is Sue Ellen
New [1.375] #{company.departments[0].employees[1].sayHello(name)} Hello Jacob, my name is Mary Scooner
New [1.3875] #{company.departments[1].employees[0].sayHello(name)} Hello Jacob, my name is Ed Burns
New [1.3922] #{company.departments[1].employees[1].sayHello(name)} Hello Jacob, my name is Ryan Lubke
New [1.3734] #{company.departments[0].employees[0].sayHello(name)} Hello Jacob, my name is Sue Ellen
New [1.3906] #{company.departments[0].employees[1].sayHello(name)} Hello Jacob, my name is Mary Scooner
New [1.3719] #{company.departments[1].employees[0].sayHello(name)} Hello Jacob, my name is Ed Burns
New [1.3734] #{company.departments[1].employees[1].sayHello(name)} Hello Jacob, my name is Ryan Lubke
New [1.3891] #{company.departments[0].employees[0].sayHello(name)} Hello Jacob, my name is Sue Ellen
New [1.375] #{company.departments[0].employees[1].sayHello(name)} Hello Jacob, my name is Mary Scooner
New [1.3766] #{company.departments[1].employees[0].sayHello(name)} Hello Jacob, my name is Ed Burns
New [1.3797] #{company.departments[1].employees[1].sayHello(name)} Hello Jacob, my name is Ryan Lubke
17103608
17103608
sun.misc.Launcher$AppClassLoader@1858610
25527824
25527824
25527824
]]></system-out>
  <system-err><![CDATA[]]></system-err>
</testsuite>
